<?xml version="1.0" encoding="UTF-8"?>
<testsuite xmlns:xsi="http://www.w3.org/2001/XMLSchema-instance" xsi:noNamespaceSchemaLocation="https://maven.apache.org/surefire/maven-surefire-plugin/xsd/surefire-test-report.xsd" name="com.agoravai.celso.CelsoApplicationTests" time="3.592" tests="13" errors="0" skipped="0" failures="1">
  <properties>
    <property name="awt.toolkit" value="sun.awt.X11.XToolkit"/>
    <property name="java.specification.version" value="11"/>
    <property name="sun.cpu.isalist" value=""/>
    <property name="sun.jnu.encoding" value="UTF-8"/>
    <property name="java.class.path" value="/workspace/agoravai/celso/target/test-classes:/workspace/agoravai/celso/target/classes:/workspace/m2-repository/org/springframework/boot/spring-boot-starter-data-jpa/2.6.5/spring-boot-starter-data-jpa-2.6.5.jar:/workspace/m2-repository/org/springframework/boot/spring-boot-starter-aop/2.6.5/spring-boot-starter-aop-2.6.5.jar:/workspace/m2-repository/org/aspectj/aspectjweaver/1.9.7/aspectjweaver-1.9.7.jar:/workspace/m2-repository/org/springframework/boot/spring-boot-starter-jdbc/2.6.5/spring-boot-starter-jdbc-2.6.5.jar:/workspace/m2-repository/com/zaxxer/HikariCP/4.0.3/HikariCP-4.0.3.jar:/workspace/m2-repository/org/springframework/spring-jdbc/5.3.17/spring-jdbc-5.3.17.jar:/workspace/m2-repository/jakarta/transaction/jakarta.transaction-api/1.3.3/jakarta.transaction-api-1.3.3.jar:/workspace/m2-repository/jakarta/persistence/jakarta.persistence-api/2.2.3/jakarta.persistence-api-2.2.3.jar:/workspace/m2-repository/org/hibernate/hibernate-core/5.6.7.Final/hibernate-core-5.6.7.Final.jar:/workspace/m2-repository/org/jboss/logging/jboss-logging/3.4.3.Final/jboss-logging-3.4.3.Final.jar:/workspace/m2-repository/net/bytebuddy/byte-buddy/1.11.22/byte-buddy-1.11.22.jar:/workspace/m2-repository/antlr/antlr/2.7.7/antlr-2.7.7.jar:/workspace/m2-repository/org/jboss/jandex/2.4.2.Final/jandex-2.4.2.Final.jar:/workspace/m2-repository/com/fasterxml/classmate/1.5.1/classmate-1.5.1.jar:/workspace/m2-repository/org/hibernate/common/hibernate-commons-annotations/5.1.2.Final/hibernate-commons-annotations-5.1.2.Final.jar:/workspace/m2-repository/org/glassfish/jaxb/jaxb-runtime/2.3.6/jaxb-runtime-2.3.6.jar:/workspace/m2-repository/org/glassfish/jaxb/txw2/2.3.6/txw2-2.3.6.jar:/workspace/m2-repository/com/sun/istack/istack-commons-runtime/3.0.12/istack-commons-runtime-3.0.12.jar:/workspace/m2-repository/com/sun/activation/jakarta.activation/1.2.2/jakarta.activation-1.2.2.jar:/workspace/m2-repository/org/springframework/data/spring-data-jpa/2.6.3/spring-data-jpa-2.6.3.jar:/workspace/m2-repository/org/springframework/data/spring-data-commons/2.6.3/spring-data-commons-2.6.3.jar:/workspace/m2-repository/org/springframework/spring-orm/5.3.17/spring-orm-5.3.17.jar:/workspace/m2-repository/org/springframework/spring-context/5.3.17/spring-context-5.3.17.jar:/workspace/m2-repository/org/springframework/spring-tx/5.3.17/spring-tx-5.3.17.jar:/workspace/m2-repository/org/springframework/spring-beans/5.3.17/spring-beans-5.3.17.jar:/workspace/m2-repository/org/slf4j/slf4j-api/1.7.36/slf4j-api-1.7.36.jar:/workspace/m2-repository/org/springframework/spring-aspects/5.3.17/spring-aspects-5.3.17.jar:/workspace/m2-repository/org/springframework/boot/spring-boot-starter-web/2.6.5/spring-boot-starter-web-2.6.5.jar:/workspace/m2-repository/org/springframework/boot/spring-boot-starter/2.6.5/spring-boot-starter-2.6.5.jar:/workspace/m2-repository/org/springframework/boot/spring-boot/2.6.5/spring-boot-2.6.5.jar:/workspace/m2-repository/org/springframework/boot/spring-boot-autoconfigure/2.6.5/spring-boot-autoconfigure-2.6.5.jar:/workspace/m2-repository/org/springframework/boot/spring-boot-starter-logging/2.6.5/spring-boot-starter-logging-2.6.5.jar:/workspace/m2-repository/ch/qos/logback/logback-classic/1.2.11/logback-classic-1.2.11.jar:/workspace/m2-repository/ch/qos/logback/logback-core/1.2.11/logback-core-1.2.11.jar:/workspace/m2-repository/org/apache/logging/log4j/log4j-to-slf4j/2.17.2/log4j-to-slf4j-2.17.2.jar:/workspace/m2-repository/org/apache/logging/log4j/log4j-api/2.17.2/log4j-api-2.17.2.jar:/workspace/m2-repository/org/slf4j/jul-to-slf4j/1.7.36/jul-to-slf4j-1.7.36.jar:/workspace/m2-repository/jakarta/annotation/jakarta.annotation-api/1.3.5/jakarta.annotation-api-1.3.5.jar:/workspace/m2-repository/org/yaml/snakeyaml/1.29/snakeyaml-1.29.jar:/workspace/m2-repository/org/springframework/boot/spring-boot-starter-json/2.6.5/spring-boot-starter-json-2.6.5.jar:/workspace/m2-repository/com/fasterxml/jackson/datatype/jackson-datatype-jdk8/2.13.2/jackson-datatype-jdk8-2.13.2.jar:/workspace/m2-repository/com/fasterxml/jackson/datatype/jackson-datatype-jsr310/2.13.2/jackson-datatype-jsr310-2.13.2.jar:/workspace/m2-repository/com/fasterxml/jackson/module/jackson-module-parameter-names/2.13.2/jackson-module-parameter-names-2.13.2.jar:/workspace/m2-repository/org/springframework/boot/spring-boot-starter-tomcat/2.6.5/spring-boot-starter-tomcat-2.6.5.jar:/workspace/m2-repository/org/apache/tomcat/embed/tomcat-embed-core/9.0.60/tomcat-embed-core-9.0.60.jar:/workspace/m2-repository/org/apache/tomcat/embed/tomcat-embed-el/9.0.60/tomcat-embed-el-9.0.60.jar:/workspace/m2-repository/org/apache/tomcat/embed/tomcat-embed-websocket/9.0.60/tomcat-embed-websocket-9.0.60.jar:/workspace/m2-repository/org/springframework/spring-web/5.3.17/spring-web-5.3.17.jar:/workspace/m2-repository/org/springframework/spring-webmvc/5.3.17/spring-webmvc-5.3.17.jar:/workspace/m2-repository/org/springframework/spring-expression/5.3.17/spring-expression-5.3.17.jar:/workspace/m2-repository/org/springframework/boot/spring-boot-starter-security/2.6.5/spring-boot-starter-security-2.6.5.jar:/workspace/m2-repository/org/springframework/spring-aop/5.3.17/spring-aop-5.3.17.jar:/workspace/m2-repository/org/springframework/security/spring-security-config/5.6.2/spring-security-config-5.6.2.jar:/workspace/m2-repository/org/springframework/security/spring-security-core/5.6.2/spring-security-core-5.6.2.jar:/workspace/m2-repository/org/springframework/security/spring-security-crypto/5.6.2/spring-security-crypto-5.6.2.jar:/workspace/m2-repository/org/springframework/security/spring-security-web/5.6.2/spring-security-web-5.6.2.jar:/workspace/m2-repository/io/jsonwebtoken/jjwt/0.9.1/jjwt-0.9.1.jar:/workspace/m2-repository/com/fasterxml/jackson/core/jackson-databind/2.13.2/jackson-databind-2.13.2.jar:/workspace/m2-repository/com/fasterxml/jackson/core/jackson-annotations/2.13.2/jackson-annotations-2.13.2.jar:/workspace/m2-repository/com/fasterxml/jackson/core/jackson-core/2.13.2/jackson-core-2.13.2.jar:/workspace/m2-repository/mysql/mysql-connector-java/8.0.28/mysql-connector-java-8.0.28.jar:/workspace/m2-repository/org/springframework/boot/spring-boot-starter-test/2.6.5/spring-boot-starter-test-2.6.5.jar:/workspace/m2-repository/org/springframework/boot/spring-boot-test/2.6.5/spring-boot-test-2.6.5.jar:/workspace/m2-repository/org/springframework/boot/spring-boot-test-autoconfigure/2.6.5/spring-boot-test-autoconfigure-2.6.5.jar:/workspace/m2-repository/com/jayway/jsonpath/json-path/2.6.0/json-path-2.6.0.jar:/workspace/m2-repository/net/minidev/json-smart/2.4.8/json-smart-2.4.8.jar:/workspace/m2-repository/net/minidev/accessors-smart/2.4.8/accessors-smart-2.4.8.jar:/workspace/m2-repository/org/ow2/asm/asm/9.1/asm-9.1.jar:/workspace/m2-repository/jakarta/xml/bind/jakarta.xml.bind-api/2.3.3/jakarta.xml.bind-api-2.3.3.jar:/workspace/m2-repository/jakarta/activation/jakarta.activation-api/1.2.2/jakarta.activation-api-1.2.2.jar:/workspace/m2-repository/org/assertj/assertj-core/3.21.0/assertj-core-3.21.0.jar:/workspace/m2-repository/org/hamcrest/hamcrest/2.2/hamcrest-2.2.jar:/workspace/m2-repository/org/junit/jupiter/junit-jupiter/5.8.2/junit-jupiter-5.8.2.jar:/workspace/m2-repository/org/junit/jupiter/junit-jupiter-api/5.8.2/junit-jupiter-api-5.8.2.jar:/workspace/m2-repository/org/opentest4j/opentest4j/1.2.0/opentest4j-1.2.0.jar:/workspace/m2-repository/org/junit/platform/junit-platform-commons/1.8.2/junit-platform-commons-1.8.2.jar:/workspace/m2-repository/org/apiguardian/apiguardian-api/1.1.2/apiguardian-api-1.1.2.jar:/workspace/m2-repository/org/junit/jupiter/junit-jupiter-params/5.8.2/junit-jupiter-params-5.8.2.jar:/workspace/m2-repository/org/junit/jupiter/junit-jupiter-engine/5.8.2/junit-jupiter-engine-5.8.2.jar:/workspace/m2-repository/org/junit/platform/junit-platform-engine/1.8.2/junit-platform-engine-1.8.2.jar:/workspace/m2-repository/org/mockito/mockito-core/4.0.0/mockito-core-4.0.0.jar:/workspace/m2-repository/net/bytebuddy/byte-buddy-agent/1.11.22/byte-buddy-agent-1.11.22.jar:/workspace/m2-repository/org/objenesis/objenesis/3.2/objenesis-3.2.jar:/workspace/m2-repository/org/mockito/mockito-junit-jupiter/4.0.0/mockito-junit-jupiter-4.0.0.jar:/workspace/m2-repository/org/skyscreamer/jsonassert/1.5.0/jsonassert-1.5.0.jar:/workspace/m2-repository/com/vaadin/external/google/android-json/0.0.20131108.vaadin1/android-json-0.0.20131108.vaadin1.jar:/workspace/m2-repository/org/springframework/spring-core/5.3.17/spring-core-5.3.17.jar:/workspace/m2-repository/org/springframework/spring-jcl/5.3.17/spring-jcl-5.3.17.jar:/workspace/m2-repository/org/springframework/spring-test/5.3.17/spring-test-5.3.17.jar:/workspace/m2-repository/org/xmlunit/xmlunit-core/2.8.4/xmlunit-core-2.8.4.jar:/workspace/m2-repository/javax/xml/bind/jaxb-api/2.3.0/jaxb-api-2.3.0.jar:"/>
    <property name="java.vm.vendor" value="Azul Systems, Inc."/>
    <property name="sun.arch.data.model" value="64"/>
    <property name="java.vendor.url" value="http://www.azul.com/"/>
    <property name="user.timezone" value=""/>
    <property name="java.vm.specification.version" value="11"/>
    <property name="os.name" value="Linux"/>
    <property name="sun.java.launcher" value="SUN_STANDARD"/>
    <property name="user.country" value="US"/>
    <property name="sun.boot.library.path" value="/home/gitpod/.sdkman/candidates/java/11.0.13.fx-zulu/lib"/>
    <property name="sun.java.command" value="/workspace/agoravai/celso/target/surefire/surefirebooter11797443507414580495.jar /workspace/agoravai/celso/target/surefire 2022-06-04T11-22-14_281-jvmRun1 surefire12439360062823621592tmp surefire_012326047211101371830tmp"/>
    <property name="jdk.debug" value="release"/>
    <property name="surefire.test.class.path" value="/workspace/agoravai/celso/target/test-classes:/workspace/agoravai/celso/target/classes:/workspace/m2-repository/org/springframework/boot/spring-boot-starter-data-jpa/2.6.5/spring-boot-starter-data-jpa-2.6.5.jar:/workspace/m2-repository/org/springframework/boot/spring-boot-starter-aop/2.6.5/spring-boot-starter-aop-2.6.5.jar:/workspace/m2-repository/org/aspectj/aspectjweaver/1.9.7/aspectjweaver-1.9.7.jar:/workspace/m2-repository/org/springframework/boot/spring-boot-starter-jdbc/2.6.5/spring-boot-starter-jdbc-2.6.5.jar:/workspace/m2-repository/com/zaxxer/HikariCP/4.0.3/HikariCP-4.0.3.jar:/workspace/m2-repository/org/springframework/spring-jdbc/5.3.17/spring-jdbc-5.3.17.jar:/workspace/m2-repository/jakarta/transaction/jakarta.transaction-api/1.3.3/jakarta.transaction-api-1.3.3.jar:/workspace/m2-repository/jakarta/persistence/jakarta.persistence-api/2.2.3/jakarta.persistence-api-2.2.3.jar:/workspace/m2-repository/org/hibernate/hibernate-core/5.6.7.Final/hibernate-core-5.6.7.Final.jar:/workspace/m2-repository/org/jboss/logging/jboss-logging/3.4.3.Final/jboss-logging-3.4.3.Final.jar:/workspace/m2-repository/net/bytebuddy/byte-buddy/1.11.22/byte-buddy-1.11.22.jar:/workspace/m2-repository/antlr/antlr/2.7.7/antlr-2.7.7.jar:/workspace/m2-repository/org/jboss/jandex/2.4.2.Final/jandex-2.4.2.Final.jar:/workspace/m2-repository/com/fasterxml/classmate/1.5.1/classmate-1.5.1.jar:/workspace/m2-repository/org/hibernate/common/hibernate-commons-annotations/5.1.2.Final/hibernate-commons-annotations-5.1.2.Final.jar:/workspace/m2-repository/org/glassfish/jaxb/jaxb-runtime/2.3.6/jaxb-runtime-2.3.6.jar:/workspace/m2-repository/org/glassfish/jaxb/txw2/2.3.6/txw2-2.3.6.jar:/workspace/m2-repository/com/sun/istack/istack-commons-runtime/3.0.12/istack-commons-runtime-3.0.12.jar:/workspace/m2-repository/com/sun/activation/jakarta.activation/1.2.2/jakarta.activation-1.2.2.jar:/workspace/m2-repository/org/springframework/data/spring-data-jpa/2.6.3/spring-data-jpa-2.6.3.jar:/workspace/m2-repository/org/springframework/data/spring-data-commons/2.6.3/spring-data-commons-2.6.3.jar:/workspace/m2-repository/org/springframework/spring-orm/5.3.17/spring-orm-5.3.17.jar:/workspace/m2-repository/org/springframework/spring-context/5.3.17/spring-context-5.3.17.jar:/workspace/m2-repository/org/springframework/spring-tx/5.3.17/spring-tx-5.3.17.jar:/workspace/m2-repository/org/springframework/spring-beans/5.3.17/spring-beans-5.3.17.jar:/workspace/m2-repository/org/slf4j/slf4j-api/1.7.36/slf4j-api-1.7.36.jar:/workspace/m2-repository/org/springframework/spring-aspects/5.3.17/spring-aspects-5.3.17.jar:/workspace/m2-repository/org/springframework/boot/spring-boot-starter-web/2.6.5/spring-boot-starter-web-2.6.5.jar:/workspace/m2-repository/org/springframework/boot/spring-boot-starter/2.6.5/spring-boot-starter-2.6.5.jar:/workspace/m2-repository/org/springframework/boot/spring-boot/2.6.5/spring-boot-2.6.5.jar:/workspace/m2-repository/org/springframework/boot/spring-boot-autoconfigure/2.6.5/spring-boot-autoconfigure-2.6.5.jar:/workspace/m2-repository/org/springframework/boot/spring-boot-starter-logging/2.6.5/spring-boot-starter-logging-2.6.5.jar:/workspace/m2-repository/ch/qos/logback/logback-classic/1.2.11/logback-classic-1.2.11.jar:/workspace/m2-repository/ch/qos/logback/logback-core/1.2.11/logback-core-1.2.11.jar:/workspace/m2-repository/org/apache/logging/log4j/log4j-to-slf4j/2.17.2/log4j-to-slf4j-2.17.2.jar:/workspace/m2-repository/org/apache/logging/log4j/log4j-api/2.17.2/log4j-api-2.17.2.jar:/workspace/m2-repository/org/slf4j/jul-to-slf4j/1.7.36/jul-to-slf4j-1.7.36.jar:/workspace/m2-repository/jakarta/annotation/jakarta.annotation-api/1.3.5/jakarta.annotation-api-1.3.5.jar:/workspace/m2-repository/org/yaml/snakeyaml/1.29/snakeyaml-1.29.jar:/workspace/m2-repository/org/springframework/boot/spring-boot-starter-json/2.6.5/spring-boot-starter-json-2.6.5.jar:/workspace/m2-repository/com/fasterxml/jackson/datatype/jackson-datatype-jdk8/2.13.2/jackson-datatype-jdk8-2.13.2.jar:/workspace/m2-repository/com/fasterxml/jackson/datatype/jackson-datatype-jsr310/2.13.2/jackson-datatype-jsr310-2.13.2.jar:/workspace/m2-repository/com/fasterxml/jackson/module/jackson-module-parameter-names/2.13.2/jackson-module-parameter-names-2.13.2.jar:/workspace/m2-repository/org/springframework/boot/spring-boot-starter-tomcat/2.6.5/spring-boot-starter-tomcat-2.6.5.jar:/workspace/m2-repository/org/apache/tomcat/embed/tomcat-embed-core/9.0.60/tomcat-embed-core-9.0.60.jar:/workspace/m2-repository/org/apache/tomcat/embed/tomcat-embed-el/9.0.60/tomcat-embed-el-9.0.60.jar:/workspace/m2-repository/org/apache/tomcat/embed/tomcat-embed-websocket/9.0.60/tomcat-embed-websocket-9.0.60.jar:/workspace/m2-repository/org/springframework/spring-web/5.3.17/spring-web-5.3.17.jar:/workspace/m2-repository/org/springframework/spring-webmvc/5.3.17/spring-webmvc-5.3.17.jar:/workspace/m2-repository/org/springframework/spring-expression/5.3.17/spring-expression-5.3.17.jar:/workspace/m2-repository/org/springframework/boot/spring-boot-starter-security/2.6.5/spring-boot-starter-security-2.6.5.jar:/workspace/m2-repository/org/springframework/spring-aop/5.3.17/spring-aop-5.3.17.jar:/workspace/m2-repository/org/springframework/security/spring-security-config/5.6.2/spring-security-config-5.6.2.jar:/workspace/m2-repository/org/springframework/security/spring-security-core/5.6.2/spring-security-core-5.6.2.jar:/workspace/m2-repository/org/springframework/security/spring-security-crypto/5.6.2/spring-security-crypto-5.6.2.jar:/workspace/m2-repository/org/springframework/security/spring-security-web/5.6.2/spring-security-web-5.6.2.jar:/workspace/m2-repository/io/jsonwebtoken/jjwt/0.9.1/jjwt-0.9.1.jar:/workspace/m2-repository/com/fasterxml/jackson/core/jackson-databind/2.13.2/jackson-databind-2.13.2.jar:/workspace/m2-repository/com/fasterxml/jackson/core/jackson-annotations/2.13.2/jackson-annotations-2.13.2.jar:/workspace/m2-repository/com/fasterxml/jackson/core/jackson-core/2.13.2/jackson-core-2.13.2.jar:/workspace/m2-repository/mysql/mysql-connector-java/8.0.28/mysql-connector-java-8.0.28.jar:/workspace/m2-repository/org/springframework/boot/spring-boot-starter-test/2.6.5/spring-boot-starter-test-2.6.5.jar:/workspace/m2-repository/org/springframework/boot/spring-boot-test/2.6.5/spring-boot-test-2.6.5.jar:/workspace/m2-repository/org/springframework/boot/spring-boot-test-autoconfigure/2.6.5/spring-boot-test-autoconfigure-2.6.5.jar:/workspace/m2-repository/com/jayway/jsonpath/json-path/2.6.0/json-path-2.6.0.jar:/workspace/m2-repository/net/minidev/json-smart/2.4.8/json-smart-2.4.8.jar:/workspace/m2-repository/net/minidev/accessors-smart/2.4.8/accessors-smart-2.4.8.jar:/workspace/m2-repository/org/ow2/asm/asm/9.1/asm-9.1.jar:/workspace/m2-repository/jakarta/xml/bind/jakarta.xml.bind-api/2.3.3/jakarta.xml.bind-api-2.3.3.jar:/workspace/m2-repository/jakarta/activation/jakarta.activation-api/1.2.2/jakarta.activation-api-1.2.2.jar:/workspace/m2-repository/org/assertj/assertj-core/3.21.0/assertj-core-3.21.0.jar:/workspace/m2-repository/org/hamcrest/hamcrest/2.2/hamcrest-2.2.jar:/workspace/m2-repository/org/junit/jupiter/junit-jupiter/5.8.2/junit-jupiter-5.8.2.jar:/workspace/m2-repository/org/junit/jupiter/junit-jupiter-api/5.8.2/junit-jupiter-api-5.8.2.jar:/workspace/m2-repository/org/opentest4j/opentest4j/1.2.0/opentest4j-1.2.0.jar:/workspace/m2-repository/org/junit/platform/junit-platform-commons/1.8.2/junit-platform-commons-1.8.2.jar:/workspace/m2-repository/org/apiguardian/apiguardian-api/1.1.2/apiguardian-api-1.1.2.jar:/workspace/m2-repository/org/junit/jupiter/junit-jupiter-params/5.8.2/junit-jupiter-params-5.8.2.jar:/workspace/m2-repository/org/junit/jupiter/junit-jupiter-engine/5.8.2/junit-jupiter-engine-5.8.2.jar:/workspace/m2-repository/org/junit/platform/junit-platform-engine/1.8.2/junit-platform-engine-1.8.2.jar:/workspace/m2-repository/org/mockito/mockito-core/4.0.0/mockito-core-4.0.0.jar:/workspace/m2-repository/net/bytebuddy/byte-buddy-agent/1.11.22/byte-buddy-agent-1.11.22.jar:/workspace/m2-repository/org/objenesis/objenesis/3.2/objenesis-3.2.jar:/workspace/m2-repository/org/mockito/mockito-junit-jupiter/4.0.0/mockito-junit-jupiter-4.0.0.jar:/workspace/m2-repository/org/skyscreamer/jsonassert/1.5.0/jsonassert-1.5.0.jar:/workspace/m2-repository/com/vaadin/external/google/android-json/0.0.20131108.vaadin1/android-json-0.0.20131108.vaadin1.jar:/workspace/m2-repository/org/springframework/spring-core/5.3.17/spring-core-5.3.17.jar:/workspace/m2-repository/org/springframework/spring-jcl/5.3.17/spring-jcl-5.3.17.jar:/workspace/m2-repository/org/springframework/spring-test/5.3.17/spring-test-5.3.17.jar:/workspace/m2-repository/org/xmlunit/xmlunit-core/2.8.4/xmlunit-core-2.8.4.jar:/workspace/m2-repository/javax/xml/bind/jaxb-api/2.3.0/jaxb-api-2.3.0.jar:"/>
    <property name="sun.cpu.endian" value="little"/>
    <property name="user.home" value="/home/gitpod"/>
    <property name="user.language" value="en"/>
    <property name="java.specification.vendor" value="Oracle Corporation"/>
    <property name="java.version.date" value="2021-10-19"/>
    <property name="java.home" value="/home/gitpod/.sdkman/candidates/java/11.0.13.fx-zulu"/>
    <property name="file.separator" value="/"/>
    <property name="basedir" value="/workspace/agoravai/celso"/>
    <property name="java.vm.compressedOopsMode" value="Zero based"/>
    <property name="line.separator" value="&#10;"/>
    <property name="java.specification.name" value="Java Platform API Specification"/>
    <property name="java.vm.specification.vendor" value="Oracle Corporation"/>
    <property name="jdk.vendor.version" value="Zulu11.52+13-CA"/>
    <property name="java.awt.graphicsenv" value="sun.awt.X11GraphicsEnvironment"/>
    <property name="surefire.real.class.path" value="/workspace/agoravai/celso/target/surefire/surefirebooter11797443507414580495.jar"/>
    <property name="sun.management.compiler" value="HotSpot 64-Bit Tiered Compilers"/>
    <property name="java.runtime.version" value="11.0.13+8-LTS"/>
    <property name="user.name" value="gitpod"/>
    <property name="path.separator" value=":"/>
    <property name="os.version" value="5.16.20-051620-generic"/>
    <property name="java.runtime.name" value="OpenJDK Runtime Environment"/>
    <property name="file.encoding" value="UTF-8"/>
    <property name="java.vm.name" value="OpenJDK 64-Bit Server VM"/>
    <property name="java.vendor.version" value="Zulu11.52+13-CA"/>
    <property name="localRepository" value="/workspace/m2-repository"/>
    <property name="java.vendor.url.bug" value="http://www.azul.com/support/"/>
    <property name="java.io.tmpdir" value="/tmp"/>
    <property name="java.version" value="11.0.13"/>
    <property name="user.dir" value="/workspace/agoravai/celso"/>
    <property name="os.arch" value="amd64"/>
    <property name="java.vm.specification.name" value="Java Virtual Machine Specification"/>
    <property name="java.awt.printerjob" value="sun.print.PSPrinterJob"/>
    <property name="sun.os.patch.level" value="unknown"/>
    <property name="java.library.path" value="/usr/java/packages/lib:/usr/lib64:/lib64:/lib:/usr/lib"/>
    <property name="java.vm.info" value="mixed mode"/>
    <property name="java.vendor" value="Azul Systems, Inc."/>
    <property name="java.vm.version" value="11.0.13+8-LTS"/>
    <property name="sun.io.unicode.encoding" value="UnicodeLittle"/>
    <property name="java.class.version" value="55.0"/>
  </properties>
  <testcase name="testaBuscaUsuarioNome" classname="com.agoravai.celso.CelsoApplicationTests" time="0.125"/>
  <testcase name="testaBuscaUsuarioNomeQuery" classname="com.agoravai.celso.CelsoApplicationTests" time="0.013"/>
  <testcase name="testaBuscaUsuarioNomeSenha" classname="com.agoravai.celso.CelsoApplicationTests" time="0.012"/>
  <testcase name="testaBuscaUsuarioNomeContains" classname="com.agoravai.celso.CelsoApplicationTests" time="0.017"/>
  <testcase name="testaBuscaUsuarioNomeSenhaQuery" classname="com.agoravai.celso.CelsoApplicationTests" time="0.01"/>
  <testcase name="testaUsuario" classname="com.agoravai.celso.CelsoApplicationTests" time="0.026">
    <failure message="expected: &lt;admin&gt; but was: &lt;celso&gt;" type="org.opentest4j.AssertionFailedError"><![CDATA[org.opentest4j.AssertionFailedError: expected: <admin> but was: <celso>
	at com.agoravai.celso.CelsoApplicationTests.testaUsuario(CelsoApplicationTests.java:75)
]]></failure>
    <system-out><![CDATA[2022-06-04 11:22:18.306  INFO 1912 --- [           main] o.s.t.c.transaction.TransactionContext   : Began transaction (1) for test context [DefaultTestContext@4e858e0a testClass = CelsoApplicationTests, testInstance = com.agoravai.celso.CelsoApplicationTests@1f3310fc, testMethod = testaUsuario@CelsoApplicationTests, testException = [null], mergedContextConfiguration = [WebMergedContextConfiguration@435fb7b5 testClass = CelsoApplicationTests, locations = '{}', classes = '{class com.agoravai.celso.CelsoApplication}', contextInitializerClasses = '[]', activeProfiles = '{}', propertySourceLocations = '{}', propertySourceProperties = '{org.springframework.boot.test.context.SpringBootTestContextBootstrapper=true}', contextCustomizers = set[org.springframework.boot.test.context.filter.ExcludeFilterContextCustomizer@43015c69, org.springframework.boot.test.json.DuplicateJsonObjectContextCustomizerFactory$DuplicateJsonObjectContextCustomizer@30b6ffe0, org.springframework.boot.test.mock.mockito.MockitoContextCustomizer@0, org.springframework.boot.test.web.client.TestRestTemplateContextCustomizer@72ef8d15, org.springframework.boot.test.autoconfigure.actuate.metrics.MetricsExportContextCustomizerFactory$DisableMetricExportContextCustomizer@1df8b5b8, org.springframework.boot.test.autoconfigure.properties.PropertyMappingContextCustomizer@0, org.springframework.boot.test.autoconfigure.web.servlet.WebDriverContextCustomizerFactory$Customizer@bb9e6dc, org.springframework.boot.test.context.SpringBootTestArgs@1, org.springframework.boot.test.context.SpringBootTestWebEnvironment@4ddced80], resourceBasePath = 'src/main/webapp', contextLoader = 'org.springframework.boot.test.context.SpringBootContextLoader', parent = [null]], attributes = map['org.springframework.test.context.web.ServletTestExecutionListener.activateListener' -> true, 'org.springframework.test.context.web.ServletTestExecutionListener.populatedRequestContextHolder' -> true, 'org.springframework.test.context.web.ServletTestExecutionListener.resetRequestContextHolder' -> true, 'org.springframework.test.context.event.ApplicationEventsTestExecutionListener.recordApplicationEvents' -> false]]; transaction manager [org.springframework.orm.jpa.JpaTransactionManager@8a7cd7c]; rollback [true]
2022-06-04 11:22:18.313 DEBUG 1912 --- [           main] org.hibernate.SQL                        : select perfil0_.perfilId as perfilid1_0_0_, perfil0_.perfilNome as perfilno2_0_0_ from tbl_perfil perfil0_ where perfil0_.perfilId=?
2022-06-04 11:22:18.313 TRACE 1912 --- [           main] o.h.type.descriptor.sql.BasicBinder      : binding parameter [1] as [BIGINT] - [1]
2022-06-04 11:22:18.314 TRACE 1912 --- [           main] o.h.type.descriptor.sql.BasicExtractor   : extracted value ([perfilno2_0_0_] : [VARCHAR]) - [ROLE_ADMIN]
2022-06-04 11:22:18.315 DEBUG 1912 --- [           main] org.hibernate.SQL                        : select usuarios0_.perfilId as perfilid2_2_0_, usuarios0_.userId as userid1_2_0_, usuario1_.userId as userid1_1_1_, usuario1_.userNome as usernome2_1_1_, usuario1_.userSenha as usersenh3_1_1_ from uau_usuario_perfil usuarios0_ inner join tbl_usuario usuario1_ on usuarios0_.userId=usuario1_.userId where usuarios0_.perfilId=?
2022-06-04 11:22:18.315 TRACE 1912 --- [           main] o.h.type.descriptor.sql.BasicBinder      : binding parameter [1] as [BIGINT] - [1]
2022-06-04 11:22:18.316 TRACE 1912 --- [           main] o.h.type.descriptor.sql.BasicExtractor   : extracted value ([userid1_1_1_] : [BIGINT]) - [1]
2022-06-04 11:22:18.316 TRACE 1912 --- [           main] o.h.type.descriptor.sql.BasicExtractor   : extracted value ([usernome2_1_1_] : [VARCHAR]) - [admin]
2022-06-04 11:22:18.317 TRACE 1912 --- [           main] o.h.type.descriptor.sql.BasicExtractor   : extracted value ([usersenh3_1_1_] : [VARCHAR]) - [$2a$10$i3.Z8Yv1Fwl0I5SNjdCGkOTRGQjGvHjh/gMZhdc3e7LIovAklqM6C]
2022-06-04 11:22:18.317 TRACE 1912 --- [           main] o.h.type.descriptor.sql.BasicExtractor   : extracted value ([perfilid2_2_0_] : [BIGINT]) - [1]
2022-06-04 11:22:18.317 TRACE 1912 --- [           main] o.h.type.descriptor.sql.BasicExtractor   : extracted value ([userid1_2_0_] : [BIGINT]) - [1]
2022-06-04 11:22:18.317 TRACE 1912 --- [           main] o.h.type.descriptor.sql.BasicExtractor   : extracted value ([userid1_1_1_] : [BIGINT]) - [2]
2022-06-04 11:22:18.317 TRACE 1912 --- [           main] o.h.type.descriptor.sql.BasicExtractor   : extracted value ([usernome2_1_1_] : [VARCHAR]) - [celso]
2022-06-04 11:22:18.317 TRACE 1912 --- [           main] o.h.type.descriptor.sql.BasicExtractor   : extracted value ([usersenh3_1_1_] : [VARCHAR]) - [admin123]
2022-06-04 11:22:18.317 TRACE 1912 --- [           main] o.h.type.descriptor.sql.BasicExtractor   : extracted value ([perfilid2_2_0_] : [BIGINT]) - [1]
2022-06-04 11:22:18.318 TRACE 1912 --- [           main] o.h.type.descriptor.sql.BasicExtractor   : extracted value ([userid1_2_0_] : [BIGINT]) - [2]
2022-06-04 11:22:18.318 DEBUG 1912 --- [           main] org.hibernate.SQL                        : select perfis0_.userId as userid1_2_0_, perfis0_.perfilId as perfilid2_2_0_, perfil1_.perfilId as perfilid1_0_1_, perfil1_.perfilNome as perfilno2_0_1_ from uau_usuario_perfil perfis0_ inner join tbl_perfil perfil1_ on perfis0_.perfilId=perfil1_.perfilId where perfis0_.userId=?
2022-06-04 11:22:18.318 TRACE 1912 --- [           main] o.h.type.descriptor.sql.BasicBinder      : binding parameter [1] as [BIGINT] - [2]
2022-06-04 11:22:18.319 TRACE 1912 --- [           main] o.h.type.descriptor.sql.BasicExtractor   : extracted value ([perfilid1_0_1_] : [BIGINT]) - [1]
2022-06-04 11:22:18.319 TRACE 1912 --- [           main] o.h.type.descriptor.sql.BasicExtractor   : extracted value ([userid1_2_0_] : [BIGINT]) - [2]
2022-06-04 11:22:18.319 TRACE 1912 --- [           main] o.h.type.descriptor.sql.BasicExtractor   : extracted value ([perfilid2_2_0_] : [BIGINT]) - [1]
2022-06-04 11:22:18.320 DEBUG 1912 --- [           main] org.hibernate.SQL                        : select perfis0_.userId as userid1_2_0_, perfis0_.perfilId as perfilid2_2_0_, perfil1_.perfilId as perfilid1_0_1_, perfil1_.perfilNome as perfilno2_0_1_ from uau_usuario_perfil perfis0_ inner join tbl_perfil perfil1_ on perfis0_.perfilId=perfil1_.perfilId where perfis0_.userId=?
2022-06-04 11:22:18.320 TRACE 1912 --- [           main] o.h.type.descriptor.sql.BasicBinder      : binding parameter [1] as [BIGINT] - [1]
2022-06-04 11:22:18.321 TRACE 1912 --- [           main] o.h.type.descriptor.sql.BasicExtractor   : extracted value ([perfilid1_0_1_] : [BIGINT]) - [1]
2022-06-04 11:22:18.321 TRACE 1912 --- [           main] o.h.type.descriptor.sql.BasicExtractor   : extracted value ([userid1_2_0_] : [BIGINT]) - [1]
2022-06-04 11:22:18.321 TRACE 1912 --- [           main] o.h.type.descriptor.sql.BasicExtractor   : extracted value ([perfilid2_2_0_] : [BIGINT]) - [1]
2022-06-04 11:22:18.326  INFO 1912 --- [           main] o.s.t.c.transaction.TransactionContext   : Rolled back transaction for test: [DefaultTestContext@4e858e0a testClass = CelsoApplicationTests, testInstance = com.agoravai.celso.CelsoApplicationTests@1f3310fc, testMethod = testaUsuario@CelsoApplicationTests, testException = org.opentest4j.AssertionFailedError: expected: <admin> but was: <celso>, mergedContextConfiguration = [WebMergedContextConfiguration@435fb7b5 testClass = CelsoApplicationTests, locations = '{}', classes = '{class com.agoravai.celso.CelsoApplication}', contextInitializerClasses = '[]', activeProfiles = '{}', propertySourceLocations = '{}', propertySourceProperties = '{org.springframework.boot.test.context.SpringBootTestContextBootstrapper=true}', contextCustomizers = set[org.springframework.boot.test.context.filter.ExcludeFilterContextCustomizer@43015c69, org.springframework.boot.test.json.DuplicateJsonObjectContextCustomizerFactory$DuplicateJsonObjectContextCustomizer@30b6ffe0, org.springframework.boot.test.mock.mockito.MockitoContextCustomizer@0, org.springframework.boot.test.web.client.TestRestTemplateContextCustomizer@72ef8d15, org.springframework.boot.test.autoconfigure.actuate.metrics.MetricsExportContextCustomizerFactory$DisableMetricExportContextCustomizer@1df8b5b8, org.springframework.boot.test.autoconfigure.properties.PropertyMappingContextCustomizer@0, org.springframework.boot.test.autoconfigure.web.servlet.WebDriverContextCustomizerFactory$Customizer@bb9e6dc, org.springframework.boot.test.context.SpringBootTestArgs@1, org.springframework.boot.test.context.SpringBootTestWebEnvironment@4ddced80], resourceBasePath = 'src/main/webapp', contextLoader = 'org.springframework.boot.test.context.SpringBootContextLoader', parent = [null]], attributes = map['org.springframework.test.context.web.ServletTestExecutionListener.activateListener' -> true, 'org.springframework.test.context.web.ServletTestExecutionListener.populatedRequestContextHolder' -> true, 'org.springframework.test.context.web.ServletTestExecutionListener.resetRequestContextHolder' -> true, 'org.springframework.test.context.event.ApplicationEventsTestExecutionListener.recordApplicationEvents' -> false]]
]]></system-out>
  </testcase>
  <testcase name="testaBuscaUsuarioNomePerfil" classname="com.agoravai.celso.CelsoApplicationTests" time="0.014"/>
  <testcase name="testaBuscaUsuarioNomePerfilQuery" classname="com.agoravai.celso.CelsoApplicationTests" time="0.011"/>
  <testcase name="testaInsercao" classname="com.agoravai.celso.CelsoApplicationTests" time="0.024"/>
  <testcase name="testaPerfil" classname="com.agoravai.celso.CelsoApplicationTests" time="0.011"/>
  <testcase name="testaServicoCriaUsuario" classname="com.agoravai.celso.CelsoApplicationTests" time="0.021"/>
  <testcase name="contextLoads" classname="com.agoravai.celso.CelsoApplicationTests" time="0.003"/>
  <testcase name="testaInsercaoPerfil" classname="com.agoravai.celso.CelsoApplicationTests" time="0.007"/>
</testsuite>